<?xml version="1.0" encoding="UTF-8"?>
<!-- Generated by org.testng.reporters.JUnitReportReporter -->
<testsuite hostname="DESKTOP-R48QR24" failures="0" tests="1" name="Pages.BasicTest5" time="24.641" errors="0" timestamp="2022-09-19T20:42:23 IST" skipped="0">
  <testcase classname="Pages.BasicTest5" name="TestLogin" time="24.641"/>
  <system-out/>
</testsuite> <!-- Pages.BasicTest5 -->
