<?xml version="1.0" encoding="UTF-8"?>
<!-- Generated by org.testng.reporters.JUnitReportReporter -->
<testsuite hostname="DESKTOP-R48QR24" failures="0" tests="1" name="TestNGPackage.TestsOnBrowserStatck" time="22.694" errors="0" timestamp="2022-07-31T22:45:17 IST" skipped="0">
  <testcase classname="TestNGPackage.TestsOnBrowserStatck" name="getPageTitle" time="22.694"/>
  <system-out/>
</testsuite> <!-- TestNGPackage.TestsOnBrowserStatck -->
