<?xml version="1.0" encoding="UTF-8"?>
<!-- Generated by org.testng.reporters.JUnitReportReporter -->
<testsuite hostname="DESKTOP-R48QR24" failures="0" tests="1" name="TestNGPackage.SecondTestNG" time="0.075" errors="0" timestamp="2022-07-10T02:16:24 IST" skipped="0">
  <testcase classname="TestNGPackage.SecondTestNG" name="verifyHomepageTitle" time="0.075"/>
  <system-out/>
</testsuite> <!-- TestNGPackage.SecondTestNG -->
