<?xml version="1.0" encoding="UTF-8"?>
<!-- Generated by org.testng.reporters.JUnitReportReporter -->
<testsuite hostname="DESKTOP-R48QR24" failures="0" tests="1" name="TestNGPackage.FirstTestNG" time="65.374" errors="0" timestamp="2022-09-06T19:29:45 IST" skipped="0">
  <testcase classname="TestNGPackage.FirstTestNG" name="verifyHomepageTitle" time="65.374"/>
  <system-out/>
</testsuite> <!-- TestNGPackage.FirstTestNG -->
