<?xml version="1.0" encoding="UTF-8"?>
<!-- Generated by org.testng.reporters.JUnitReportReporter -->
<testsuite hostname="DESKTOP-R48QR24" failures="0" tests="2" name="seleniumfirst.TestsOnBrowserStatck" time="36.226" errors="0" timestamp="2022-07-31T22:32:17 IST" skipped="0">
  <testcase classname="seleniumfirst.TestsOnBrowserStatck" name="tearDown" time="19.206"/>
  <system-out/>
  <testcase classname="seleniumfirst.TestsOnBrowserStatck" name="getPageTitle" time="17.020"/>
  <system-out/>
</testsuite> <!-- seleniumfirst.TestsOnBrowserStatck -->
